<beans xmlns="http://www.springframework.org/schema/beans"
	xmlns:context="http://www.springframework.org/schema/context" xmlns:p="http://www.springframework.org/schema/p"
	xmlns:aop="http://www.springframework.org/schema/aop" xmlns:tx="http://www.springframework.org/schema/tx"
	xmlns:xsi="http://www.w3.org/2001/XMLSchema-instance"
	xmlns:dubbo="http://code.alibabatech.com/schema/dubbo"
	xsi:schemaLocation="http://www.springframework.org/schema/beans http://www.springframework.org/schema/beans/spring-beans-4.0.xsd
	http://www.springframework.org/schema/context http://www.springframework.org/schema/context/spring-context-4.0.xsd
	http://www.springframework.org/schema/aop http://www.springframework.org/schema/aop/spring-aop-4.0.xsd http://www.springframework.org/schema/tx 
	http://www.springframework.org/schema/tx/spring-tx-4.0.xsd
	http://www.springframework.org/schema/util 
	http://www.springframework.org/schema/util/spring-util-4.0.xsd 
	http://code.alibabatech.com/schema/dubbo 
	http://code.alibabatech.com/schema/dubbo/dubbo.xsd">
	
	
	<!-- 提供方应用名称信息，这个相当于起一个名字，我们dubbo管理页面比较清晰是哪个应用暴露出来的 -->
   <dubbo:application name="dubbo_provider"></dubbo:application>
   <!-- 使用zookeeper注册中心暴露服务地址 -->  
   <dubbo:registry address="zookeeper://192.168.56.101:2181" check="false" subscribe="false" register=""></dubbo:registry>
  <!-- 要暴露的服务接口 -->  
  <dubbo:service interface="com.dubbo.api.service.DubboTestService" ref="dubboTestService" /> 

	

</beans>
